<?xml version="1.0" encoding="UTF-8"?>
<!-- Generated by org.testng.reporters.JUnitReportReporter -->
<testsuite skipped="0" hostname="JyoshiPC" name="FirstOne.FirstClass" tests="1" failures="0" timestamp="27 Aug 2019 08:35:43 GMT" time="17.463" errors="0">
  <testcase name="method" time="17.463" classname="FirstOne.FirstClass"/>
</testsuite> <!-- FirstOne.FirstClass -->
