<?xml version="1.0" encoding="UTF-8"?>
<!-- Generated by org.testng.reporters.JUnitReportReporter -->
<testsuite skipped="0" hostname="JyoshiPC" name="FirstOne.FirstClass" tests="1" failures="0" timestamp="27 Aug 2019 11:51:37 GMT" time="12.130" errors="0">
  <testcase name="method" time="12.130" classname="FirstOne.FirstClass"/>
</testsuite> <!-- FirstOne.FirstClass -->
